<?xml version="1.0" encoding="UTF-8"?>
<testng-results ignored="0" total="1" passed="1" failed="0" skipped="0">
  <reporter-output>
  </reporter-output>
  <suite started-at="2025-08-29T11:39:43 IST" name="Default suite" finished-at="2025-08-29T11:40:02 IST" duration-ms="18706">
    <groups>
    </groups>
    <test started-at="2025-08-29T11:39:43 IST" name="Default test" finished-at="2025-08-29T11:40:02 IST" duration-ms="18706">
      <class name="test.Run_LoginTestNG">
        <test-method is-config="true" signature="beforetest()[pri:0, instance:test.Run_LoginTestNG@56303b57]" started-at="2025-08-29T11:39:43 IST" name="beforetest" finished-at="2025-08-29T11:39:57 IST" duration-ms="13970" status="PASS">
          <reporter-output>
          </reporter-output>
        </test-method> <!-- beforetest -->
        <test-method signature="f()[pri:0, instance:test.Run_LoginTestNG@56303b57]" started-at="2025-08-29T11:39:57 IST" name="f" finished-at="2025-08-29T11:40:02 IST" duration-ms="4629" status="PASS">
          <reporter-output>
          </reporter-output>
        </test-method> <!-- f -->
        <test-method is-config="true" signature="afterTest()[pri:0, instance:test.Run_LoginTestNG@56303b57]" started-at="2025-08-29T11:40:02 IST" name="afterTest" finished-at="2025-08-29T11:40:02 IST" duration-ms="2" status="PASS">
          <reporter-output>
          </reporter-output>
        </test-method> <!-- afterTest -->
      </class> <!-- test.Run_LoginTestNG -->
    </test> <!-- Default test -->
  </suite> <!-- Default suite -->
</testng-results>
